#
# There is insufficient memory for the Java Runtime Environment to continue.
# Native memory allocation (malloc) failed to allocate 755376 bytes for Chunk::new
# Possible reasons:
#   The system is out of physical RAM or swap space
#   The process is running with CompressedOops enabled, and the Java Heap may be blocking the growth of the native heap
# Possible solutions:
#   Reduce memory load on the system
#   Increase physical memory or swap space
#   Check if swap backing store is full
#   Decrease Java heap size (-Xmx/-Xms)
#   Decrease number of Java threads
#   Decrease Java thread stack sizes (-Xss)
#   Set larger code cache with -XX:ReservedCodeCacheSize=
#   JVM is running with Zero Based Compressed Oops mode in which the Java heap is
#     placed in the first 32GB address space. The Java Heap base address is the
#     maximum limit for the native heap growth. Please use -XX:HeapBaseMinAddress
#     to set the Java Heap base and to place the Java Heap above 32GB virtual address.
# This output file may be truncated or incomplete.
#
#  Out of Memory Error (arena.cpp:189), pid=22584, tid=18976
#
# JRE version: Java(TM) SE Runtime Environment (17.0.6+9) (build 17.0.6+9-LTS-190)
# Java VM: Java HotSpot(TM) 64-Bit Server VM (17.0.6+9-LTS-190, mixed mode, sharing, tiered, compressed oops, compressed class ptrs, g1 gc, windows-amd64)
# No core dump will be written. Minidumps are not enabled by default on client versions of Windows
#

---------------  S U M M A R Y ------------

Command Line: -Dmaven.multiModuleProjectDirectory=D:\Work\R&D\Project_3\SimVerify -Djansi.passthrough=true -Dmaven.home=C:\Program Files\JetBrains\IntelliJ IDEA Community Edition 2022.3.2\plugins\maven\lib\maven3 -Dclassworlds.conf=C:\Program Files\JetBrains\IntelliJ IDEA Community Edition 2022.3.2\plugins\maven\lib\maven3\bin\m2.conf -Dmaven.ext.class.path=C:\Program Files\JetBrains\IntelliJ IDEA Community Edition 2022.3.2\plugins\maven\lib\maven-event-listener.jar -javaagent:C:\Program Files\JetBrains\IntelliJ IDEA Community Edition 2022.3.2\lib\idea_rt.jar=65472:C:\Program Files\JetBrains\IntelliJ IDEA Community Edition 2022.3.2\bin -Dfile.encoding=UTF-8 org.codehaus.classworlds.Launcher -Didea.version=2022.3.2 --offline install

Host: Intel(R) Core(TM) i5-1035G1 CPU @ 1.00GHz, 8 cores, 15G,  Windows 10 , 64 bit Build 19041 (10.0.19041.2546)
Time: Fri Mar  3 14:31:15 2023 India Standard Time elapsed time: 2.532169 seconds (0d 0h 0m 2s)

---------------  T H R E A D  ---------------

Current thread (0x0000015eda8121c0):  JavaThread "C2 CompilerThread0" daemon [_thread_in_native, id=18976, stack(0x000000598fd00000,0x000000598fe00000)]


Current CompileTask:
C2:   2532 2702       4       org.codehaus.plexus.util.xml.pull.MXParser::parseStartTag (1195 bytes)

Stack: [0x000000598fd00000,0x000000598fe00000]
Native frames: (J=compiled Java code, j=interpreted, Vv=VM code, C=native code)
V  [jvm.dll+0x6734ea]
V  [jvm.dll+0x7d18f4]
V  [jvm.dll+0x7d309e]
V  [jvm.dll+0x7d3703]
V  [jvm.dll+0x2433c5]
V  [jvm.dll+0xaa46b]
V  [jvm.dll+0xaaa0c]
V  [jvm.dll+0x35eadf]
V  [jvm.dll+0x329401]
V  [jvm.dll+0x32889a]
V  [jvm.dll+0x215ddf]
V  [jvm.dll+0x215211]
V  [jvm.dll+0x1a1730]
V  [jvm.dll+0x224b6e]
V  [jvm.dll+0x222f15]
V  [jvm.dll+0x78753c]
V  [jvm.dll+0x781a7a]
V  [jvm.dll+0x672375]
C  [ucrtbase.dll+0x21bb2]
C  [KERNEL32.DLL+0x17614]
C  [ntdll.dll+0x526a1]


---------------  P R O C E S S  ---------------

Threads class SMR info:
_java_thread_list=0x0000015edbaec8f0, length=15, elements={
0x0000015eb70bf8d0, 0x0000015ed9c49640, 0x0000015ed9c4a1f0, 0x0000015ed9c591f0,
0x0000015ed9c59da0, 0x0000015ed9c5e870, 0x0000015eda800470, 0x0000015eda8121c0,
0x0000015eda813ad0, 0x0000015eda81cba0, 0x0000015ed9c31080, 0x0000015edaa061d0,
0x0000015edaa066a0, 0x0000015edad5efc0, 0x0000015edbaecad0
}

Java Threads: ( => current thread )
  0x0000015eb70bf8d0 JavaThread "main" [_thread_in_vm, id=11056, stack(0x000000598f000000,0x000000598f100000)]
  0x0000015ed9c49640 JavaThread "Reference Handler" daemon [_thread_blocked, id=23340, stack(0x000000598f700000,0x000000598f800000)]
  0x0000015ed9c4a1f0 JavaThread "Finalizer" daemon [_thread_blocked, id=1768, stack(0x000000598f800000,0x000000598f900000)]
  0x0000015ed9c591f0 JavaThread "Signal Dispatcher" daemon [_thread_blocked, id=11712, stack(0x000000598f900000,0x000000598fa00000)]
  0x0000015ed9c59da0 JavaThread "Attach Listener" daemon [_thread_blocked, id=25544, stack(0x000000598fa00000,0x000000598fb00000)]
  0x0000015ed9c5e870 JavaThread "Service Thread" daemon [_thread_blocked, id=27500, stack(0x000000598fb00000,0x000000598fc00000)]
  0x0000015eda800470 JavaThread "Monitor Deflation Thread" daemon [_thread_blocked, id=17700, stack(0x000000598fc00000,0x000000598fd00000)]
=>0x0000015eda8121c0 JavaThread "C2 CompilerThread0" daemon [_thread_in_native, id=18976, stack(0x000000598fd00000,0x000000598fe00000)]
  0x0000015eda813ad0 JavaThread "C1 CompilerThread0" daemon [_thread_blocked, id=25676, stack(0x000000598fe00000,0x000000598ff00000)]
  0x0000015eda81cba0 JavaThread "Sweeper thread" daemon [_thread_blocked, id=8748, stack(0x000000598ff00000,0x0000005990000000)]
  0x0000015ed9c31080 JavaThread "Common-Cleaner" daemon [_thread_blocked, id=20496, stack(0x0000005990000000,0x0000005990100000)]
  0x0000015edaa061d0 JavaThread "Monitor Ctrl-Break" daemon [_thread_in_native, id=26476, stack(0x0000005990100000,0x0000005990200000)]
  0x0000015edaa066a0 JavaThread "Notification Thread" daemon [_thread_blocked, id=8304, stack(0x0000005990200000,0x0000005990300000)]
  0x0000015edad5efc0 JavaThread "C2 CompilerThread1" daemon [_thread_in_native, id=18452, stack(0x0000005990400000,0x0000005990500000)]
  0x0000015edbaecad0 JavaThread "C2 CompilerThread2" daemon [_thread_in_native, id=26100, stack(0x0000005990500000,0x0000005990600000)]

Other Threads:
  0x0000015ed9c422d0 VMThread "VM Thread" [stack: 0x000000598f600000,0x000000598f700000] [id=14164]
  0x0000015eb7144230 WatcherThread [stack: 0x0000005990300000,0x0000005990400000] [id=15900]
  0x0000015eb7128dc0 GCTaskThread "GC Thread#0" [stack: 0x000000598f100000,0x000000598f200000] [id=20980]
  0x0000015edb209340 GCTaskThread "GC Thread#1" [stack: 0x0000005990600000,0x0000005990700000] [id=11480]
  0x0000015edb2095f0 GCTaskThread "GC Thread#2" [stack: 0x0000005990700000,0x0000005990800000] [id=13664]
  0x0000015edb209b50 GCTaskThread "GC Thread#3" [stack: 0x0000005990800000,0x0000005990900000] [id=26984]
  0x0000015edb208070 GCTaskThread "GC Thread#4" [stack: 0x0000005990900000,0x0000005990a00000] [id=15892]
  0x0000015edb208880 GCTaskThread "GC Thread#5" [stack: 0x0000005990a00000,0x0000005990b00000] [id=14736]
  0x0000015edb208de0 GCTaskThread "GC Thread#6" [stack: 0x0000005990b00000,0x0000005990c00000] [id=26540]
  0x0000015edb209090 GCTaskThread "GC Thread#7" [stack: 0x0000005990c00000,0x0000005990d00000] [id=8652]
  0x0000015eb7139850 ConcurrentGCThread "G1 Main Marker" [stack: 0x000000598f200000,0x000000598f300000] [id=18260]
  0x0000015eb713ba10 ConcurrentGCThread "G1 Conc#0" [stack: 0x000000598f300000,0x000000598f400000] [id=18684]
  0x0000015eb719e670 ConcurrentGCThread "G1 Refine#0" [stack: 0x000000598f400000,0x000000598f500000] [id=11476]
  0x0000015ed9aff2b0 ConcurrentGCThread "G1 Service" [stack: 0x000000598f500000,0x000000598f600000] [id=19992]

Threads with active compile tasks:
C2 CompilerThread0     2555 2702       4       org.codehaus.plexus.util.xml.pull.MXParser::parseStartTag (1195 bytes)
C2 CompilerThread1     2555 2782       4       java.util.regex.Pattern$CharPropertyGreedy::match (160 bytes)
C2 CompilerThread2     2555 2770       4       org.codehaus.plexus.util.xml.Xpp3Dom::<init> (125 bytes)

VM state: not at safepoint (normal execution)

VM Mutex/Monitor currently owned by a thread: None

Heap address: 0x0000000704a00000, size: 4022 MB, Compressed Oops mode: Zero based, Oop shift amount: 3

CDS archive(s) mapped at: [0x0000000800000000-0x0000000800bd0000-0x0000000800bd0000), size 12386304, SharedBaseAddress: 0x0000000800000000, ArchiveRelocationMode: 0.
Compressed class space mapped at: 0x0000000800c00000-0x0000000840c00000, reserved size: 1073741824
Narrow klass base: 0x0000000800000000, Narrow klass shift: 0, Narrow klass range: 0x100000000

GC Precious Log:
 CPUs: 8 total, 8 available
 Memory: 16086M
 Large Page Support: Disabled
 NUMA Support: Disabled
 Compressed Oops: Enabled (Zero based)
 Heap Region Size: 2M
 Heap Min Capacity: 8M
 Heap Initial Capacity: 252M
 Heap Max Capacity: 4022M
 Pre-touch: Disabled
 Parallel Workers: 8
 Concurrent Workers: 2
 Concurrent Refinement Workers: 8
 Periodic GC: Disabled

Heap:
 garbage-first heap   total 258048K, used 40688K [0x0000000704a00000, 0x0000000800000000)
  region size 2048K, 20 young (40960K), 2 survivors (4096K)
 Metaspace       used 13140K, committed 13312K, reserved 1064960K
  class space    used 1520K, committed 1600K, reserved 1048576K

Heap Regions: E=young(eden), S=young(survivor), O=old, HS=humongous(starts), HC=humongous(continues), CS=collection set, F=free, OA=open archive, CA=closed archive, TAMS=top-at-mark-start (previous, next)
|   0|0x0000000704a00000, 0x0000000704c00000, 0x0000000704c00000|100%| O|  |TAMS 0x0000000704a00000, 0x0000000704a00000| Untracked 
|   1|0x0000000704c00000, 0x0000000704d8a000, 0x0000000704e00000| 76%| O|  |TAMS 0x0000000704c00000, 0x0000000704c00000| Untracked 
|   2|0x0000000704e00000, 0x0000000704e00000, 0x0000000705000000|  0%| F|  |TAMS 0x0000000704e00000, 0x0000000704e00000| Untracked 
|   3|0x0000000705000000, 0x0000000705000000, 0x0000000705200000|  0%| F|  |TAMS 0x0000000705000000, 0x0000000705000000| Untracked 
|   4|0x0000000705200000, 0x0000000705200000, 0x0000000705400000|  0%| F|  |TAMS 0x0000000705200000, 0x0000000705200000| Untracked 
|   5|0x0000000705400000, 0x0000000705400000, 0x0000000705600000|  0%| F|  |TAMS 0x0000000705400000, 0x0000000705400000| Untracked 
|   6|0x0000000705600000, 0x0000000705600000, 0x0000000705800000|  0%| F|  |TAMS 0x0000000705600000, 0x0000000705600000| Untracked 
|   7|0x0000000705800000, 0x0000000705800000, 0x0000000705a00000|  0%| F|  |TAMS 0x0000000705800000, 0x0000000705800000| Untracked 
|   8|0x0000000705a00000, 0x0000000705a00000, 0x0000000705c00000|  0%| F|  |TAMS 0x0000000705a00000, 0x0000000705a00000| Untracked 
|   9|0x0000000705c00000, 0x0000000705c00000, 0x0000000705e00000|  0%| F|  |TAMS 0x0000000705c00000, 0x0000000705c00000| Untracked 
|  10|0x0000000705e00000, 0x0000000705e00000, 0x0000000706000000|  0%| F|  |TAMS 0x0000000705e00000, 0x0000000705e00000| Untracked 
|  11|0x0000000706000000, 0x0000000706000000, 0x0000000706200000|  0%| F|  |TAMS 0x0000000706000000, 0x0000000706000000| Untracked 
|  12|0x0000000706200000, 0x0000000706200000, 0x0000000706400000|  0%| F|  |TAMS 0x0000000706200000, 0x0000000706200000| Untracked 
|  13|0x0000000706400000, 0x0000000706400000, 0x0000000706600000|  0%| F|  |TAMS 0x0000000706400000, 0x0000000706400000| Untracked 
|  14|0x0000000706600000, 0x0000000706600000, 0x0000000706800000|  0%| F|  |TAMS 0x0000000706600000, 0x0000000706600000| Untracked 
|  15|0x0000000706800000, 0x0000000706800000, 0x0000000706a00000|  0%| F|  |TAMS 0x0000000706800000, 0x0000000706800000| Untracked 
|  16|0x0000000706a00000, 0x0000000706a00000, 0x0000000706c00000|  0%| F|  |TAMS 0x0000000706a00000, 0x0000000706a00000| Untracked 
|  17|0x0000000706c00000, 0x0000000706c00000, 0x0000000706e00000|  0%| F|  |TAMS 0x0000000706c00000, 0x0000000706c00000| Untracked 
|  18|0x0000000706e00000, 0x0000000706e00000, 0x0000000707000000|  0%| F|  |TAMS 0x0000000706e00000, 0x0000000706e00000| Untracked 
|  19|0x0000000707000000, 0x0000000707000000, 0x0000000707200000|  0%| F|  |TAMS 0x0000000707000000, 0x0000000707000000| Untracked 
|  20|0x0000000707200000, 0x0000000707200000, 0x0000000707400000|  0%| F|  |TAMS 0x0000000707200000, 0x0000000707200000| Untracked 
|  21|0x0000000707400000, 0x0000000707400000, 0x0000000707600000|  0%| F|  |TAMS 0x0000000707400000, 0x0000000707400000| Untracked 
|  22|0x0000000707600000, 0x0000000707600000, 0x0000000707800000|  0%| F|  |TAMS 0x0000000707600000, 0x0000000707600000| Untracked 
|  23|0x0000000707800000, 0x0000000707800000, 0x0000000707a00000|  0%| F|  |TAMS 0x0000000707800000, 0x0000000707800000| Untracked 
|  24|0x0000000707a00000, 0x0000000707a00000, 0x0000000707c00000|  0%| F|  |TAMS 0x0000000707a00000, 0x0000000707a00000| Untracked 
|  25|0x0000000707c00000, 0x0000000707c00000, 0x0000000707e00000|  0%| F|  |TAMS 0x0000000707c00000, 0x0000000707c00000| Untracked 
|  26|0x0000000707e00000, 0x0000000707e00000, 0x0000000708000000|  0%| F|  |TAMS 0x0000000707e00000, 0x0000000707e00000| Untracked 
|  27|0x0000000708000000, 0x0000000708000000, 0x0000000708200000|  0%| F|  |TAMS 0x0000000708000000, 0x0000000708000000| Untracked 
|  28|0x0000000708200000, 0x0000000708200000, 0x0000000708400000|  0%| F|  |TAMS 0x0000000708200000, 0x0000000708200000| Untracked 
|  29|0x0000000708400000, 0x0000000708400000, 0x0000000708600000|  0%| F|  |TAMS 0x0000000708400000, 0x0000000708400000| Untracked 
|  30|0x0000000708600000, 0x0000000708600000, 0x0000000708800000|  0%| F|  |TAMS 0x0000000708600000, 0x0000000708600000| Untracked 
|  31|0x0000000708800000, 0x0000000708800000, 0x0000000708a00000|  0%| F|  |TAMS 0x0000000708800000, 0x0000000708800000| Untracked 
|  32|0x0000000708a00000, 0x0000000708a00000, 0x0000000708c00000|  0%| F|  |TAMS 0x0000000708a00000, 0x0000000708a00000| Untracked 
|  33|0x0000000708c00000, 0x0000000708c00000, 0x0000000708e00000|  0%| F|  |TAMS 0x0000000708c00000, 0x0000000708c00000| Untracked 
|  34|0x0000000708e00000, 0x0000000708e00000, 0x0000000709000000|  0%| F|  |TAMS 0x0000000708e00000, 0x0000000708e00000| Untracked 
|  35|0x0000000709000000, 0x0000000709000000, 0x0000000709200000|  0%| F|  |TAMS 0x0000000709000000, 0x0000000709000000| Untracked 
|  36|0x0000000709200000, 0x0000000709200000, 0x0000000709400000|  0%| F|  |TAMS 0x0000000709200000, 0x0000000709200000| Untracked 
|  37|0x0000000709400000, 0x0000000709400000, 0x0000000709600000|  0%| F|  |TAMS 0x0000000709400000, 0x0000000709400000| Untracked 
|  38|0x0000000709600000, 0x0000000709600000, 0x0000000709800000|  0%| F|  |TAMS 0x0000000709600000, 0x0000000709600000| Untracked 
|  39|0x0000000709800000, 0x0000000709800000, 0x0000000709a00000|  0%| F|  |TAMS 0x0000000709800000, 0x0000000709800000| Untracked 
|  40|0x0000000709a00000, 0x0000000709a00000, 0x0000000709c00000|  0%| F|  |TAMS 0x0000000709a00000, 0x0000000709a00000| Untracked 
|  41|0x0000000709c00000, 0x0000000709c00000, 0x0000000709e00000|  0%| F|  |TAMS 0x0000000709c00000, 0x0000000709c00000| Untracked 
|  42|0x0000000709e00000, 0x0000000709e00000, 0x000000070a000000|  0%| F|  |TAMS 0x0000000709e00000, 0x0000000709e00000| Untracked 
|  43|0x000000070a000000, 0x000000070a000000, 0x000000070a200000|  0%| F|  |TAMS 0x000000070a000000, 0x000000070a000000| Untracked 
|  44|0x000000070a200000, 0x000000070a200000, 0x000000070a400000|  0%| F|  |TAMS 0x000000070a200000, 0x000000070a200000| Untracked 
|  45|0x000000070a400000, 0x000000070a400000, 0x000000070a600000|  0%| F|  |TAMS 0x000000070a400000, 0x000000070a400000| Untracked 
|  46|0x000000070a600000, 0x000000070a600000, 0x000000070a800000|  0%| F|  |TAMS 0x000000070a600000, 0x000000070a600000| Untracked 
|  47|0x000000070a800000, 0x000000070a800000, 0x000000070aa00000|  0%| F|  |TAMS 0x000000070a800000, 0x000000070a800000| Untracked 
|  48|0x000000070aa00000, 0x000000070aa00000, 0x000000070ac00000|  0%| F|  |TAMS 0x000000070aa00000, 0x000000070aa00000| Untracked 
|  49|0x000000070ac00000, 0x000000070ac00000, 0x000000070ae00000|  0%| F|  |TAMS 0x000000070ac00000, 0x000000070ac00000| Untracked 
|  50|0x000000070ae00000, 0x000000070ae00000, 0x000000070b000000|  0%| F|  |TAMS 0x000000070ae00000, 0x000000070ae00000| Untracked 
|  51|0x000000070b000000, 0x000000070b000000, 0x000000070b200000|  0%| F|  |TAMS 0x000000070b000000, 0x000000070b000000| Untracked 
|  52|0x000000070b200000, 0x000000070b200000, 0x000000070b400000|  0%| F|  |TAMS 0x000000070b200000, 0x000000070b200000| Untracked 
|  53|0x000000070b400000, 0x000000070b400000, 0x000000070b600000|  0%| F|  |TAMS 0x000000070b400000, 0x000000070b400000| Untracked 
|  54|0x000000070b600000, 0x000000070b600000, 0x000000070b800000|  0%| F|  |TAMS 0x000000070b600000, 0x000000070b600000| Untracked 
|  55|0x000000070b800000, 0x000000070b800000, 0x000000070ba00000|  0%| F|  |TAMS 0x000000070b800000, 0x000000070b800000| Untracked 
|  56|0x000000070ba00000, 0x000000070ba00000, 0x000000070bc00000|  0%| F|  |TAMS 0x000000070ba00000, 0x000000070ba00000| Untracked 
|  57|0x000000070bc00000, 0x000000070bc00000, 0x000000070be00000|  0%| F|  |TAMS 0x000000070bc00000, 0x000000070bc00000| Untracked 
|  58|0x000000070be00000, 0x000000070be00000, 0x000000070c000000|  0%| F|  |TAMS 0x000000070be00000, 0x000000070be00000| Untracked 
|  59|0x000000070c000000, 0x000000070c000000, 0x000000070c200000|  0%| F|  |TAMS 0x000000070c000000, 0x000000070c000000| Untracked 
|  60|0x000000070c200000, 0x000000070c200000, 0x000000070c400000|  0%| F|  |TAMS 0x000000070c200000, 0x000000070c200000| Untracked 
|  61|0x000000070c400000, 0x000000070c400000, 0x000000070c600000|  0%| F|  |TAMS 0x000000070c400000, 0x000000070c400000| Untracked 
|  62|0x000000070c600000, 0x000000070c600000, 0x000000070c800000|  0%| F|  |TAMS 0x000000070c600000, 0x000000070c600000| Untracked 
|  63|0x000000070c800000, 0x000000070c800000, 0x000000070ca00000|  0%| F|  |TAMS 0x000000070c800000, 0x000000070c800000| Untracked 
|  64|0x000000070ca00000, 0x000000070ca00000, 0x000000070cc00000|  0%| F|  |TAMS 0x000000070ca00000, 0x000000070ca00000| Untracked 
|  65|0x000000070cc00000, 0x000000070cc00000, 0x000000070ce00000|  0%| F|  |TAMS 0x000000070cc00000, 0x000000070cc00000| Untracked 
|  66|0x000000070ce00000, 0x000000070ce00000, 0x000000070d000000|  0%| F|  |TAMS 0x000000070ce00000, 0x000000070ce00000| Untracked 
|  67|0x000000070d000000, 0x000000070d000000, 0x000000070d200000|  0%| F|  |TAMS 0x000000070d000000, 0x000000070d000000| Untracked 
|  68|0x000000070d200000, 0x000000070d200000, 0x000000070d400000|  0%| F|  |TAMS 0x000000070d200000, 0x000000070d200000| Untracked 
|  69|0x000000070d400000, 0x000000070d400000, 0x000000070d600000|  0%| F|  |TAMS 0x000000070d400000, 0x000000070d400000| Untracked 
|  70|0x000000070d600000, 0x000000070d600000, 0x000000070d800000|  0%| F|  |TAMS 0x000000070d600000, 0x000000070d600000| Untracked 
|  71|0x000000070d800000, 0x000000070d800000, 0x000000070da00000|  0%| F|  |TAMS 0x000000070d800000, 0x000000070d800000| Untracked 
|  72|0x000000070da00000, 0x000000070da00000, 0x000000070dc00000|  0%| F|  |TAMS 0x000000070da00000, 0x000000070da00000| Untracked 
|  73|0x000000070dc00000, 0x000000070dc00000, 0x000000070de00000|  0%| F|  |TAMS 0x000000070dc00000, 0x000000070dc00000| Untracked 
|  74|0x000000070de00000, 0x000000070de00000, 0x000000070e000000|  0%| F|  |TAMS 0x000000070de00000, 0x000000070de00000| Untracked 
|  75|0x000000070e000000, 0x000000070e000000, 0x000000070e200000|  0%| F|  |TAMS 0x000000070e000000, 0x000000070e000000| Untracked 
|  76|0x000000070e200000, 0x000000070e200000, 0x000000070e400000|  0%| F|  |TAMS 0x000000070e200000, 0x000000070e200000| Untracked 
|  77|0x000000070e400000, 0x000000070e400000, 0x000000070e600000|  0%| F|  |TAMS 0x000000070e400000, 0x000000070e400000| Untracked 
|  78|0x000000070e600000, 0x000000070e600000, 0x000000070e800000|  0%| F|  |TAMS 0x000000070e600000, 0x000000070e600000| Untracked 
|  79|0x000000070e800000, 0x000000070e800000, 0x000000070ea00000|  0%| F|  |TAMS 0x000000070e800000, 0x000000070e800000| Untracked 
|  80|0x000000070ea00000, 0x000000070ea00000, 0x000000070ec00000|  0%| F|  |TAMS 0x000000070ea00000, 0x000000070ea00000| Untracked 
|  81|0x000000070ec00000, 0x000000070ec00000, 0x000000070ee00000|  0%| F|  |TAMS 0x000000070ec00000, 0x000000070ec00000| Untracked 
|  82|0x000000070ee00000, 0x000000070ee00000, 0x000000070f000000|  0%| F|  |TAMS 0x000000070ee00000, 0x000000070ee00000| Untracked 
|  83|0x000000070f000000, 0x000000070f000000, 0x000000070f200000|  0%| F|  |TAMS 0x000000070f000000, 0x000000070f000000| Untracked 
|  84|0x000000070f200000, 0x000000070f200000, 0x000000070f400000|  0%| F|  |TAMS 0x000000070f200000, 0x000000070f200000| Untracked 
|  85|0x000000070f400000, 0x000000070f400000, 0x000000070f600000|  0%| F|  |TAMS 0x000000070f400000, 0x000000070f400000| Untracked 
|  86|0x000000070f600000, 0x000000070f600000, 0x000000070f800000|  0%| F|  |TAMS 0x000000070f600000, 0x000000070f600000| Untracked 
|  87|0x000000070f800000, 0x000000070f800000, 0x000000070fa00000|  0%| F|  |TAMS 0x000000070f800000, 0x000000070f800000| Untracked 
|  88|0x000000070fa00000, 0x000000070fa00000, 0x000000070fc00000|  0%| F|  |TAMS 0x000000070fa00000, 0x000000070fa00000| Untracked 
|  89|0x000000070fc00000, 0x000000070fc00000, 0x000000070fe00000|  0%| F|  |TAMS 0x000000070fc00000, 0x000000070fc00000| Untracked 
|  90|0x000000070fe00000, 0x000000070fe00000, 0x0000000710000000|  0%| F|  |TAMS 0x000000070fe00000, 0x000000070fe00000| Untracked 
|  91|0x0000000710000000, 0x0000000710000000, 0x0000000710200000|  0%| F|  |TAMS 0x0000000710000000, 0x0000000710000000| Untracked 
|  92|0x0000000710200000, 0x0000000710200000, 0x0000000710400000|  0%| F|  |TAMS 0x0000000710200000, 0x0000000710200000| Untracked 
|  93|0x0000000710400000, 0x0000000710400000, 0x0000000710600000|  0%| F|  |TAMS 0x0000000710400000, 0x0000000710400000| Untracked 
|  94|0x0000000710600000, 0x0000000710600000, 0x0000000710800000|  0%| F|  |TAMS 0x0000000710600000, 0x0000000710600000| Untracked 
|  95|0x0000000710800000, 0x0000000710800000, 0x0000000710a00000|  0%| F|  |TAMS 0x0000000710800000, 0x0000000710800000| Untracked 
|  96|0x0000000710a00000, 0x0000000710a00000, 0x0000000710c00000|  0%| F|  |TAMS 0x0000000710a00000, 0x0000000710a00000| Untracked 
|  97|0x0000000710c00000, 0x0000000710c00000, 0x0000000710e00000|  0%| F|  |TAMS 0x0000000710c00000, 0x0000000710c00000| Untracked 
|  98|0x0000000710e00000, 0x0000000710e00000, 0x0000000711000000|  0%| F|  |TAMS 0x0000000710e00000, 0x0000000710e00000| Untracked 
|  99|0x0000000711000000, 0x0000000711000000, 0x0000000711200000|  0%| F|  |TAMS 0x0000000711000000, 0x0000000711000000| Untracked 
| 100|0x0000000711200000, 0x0000000711200000, 0x0000000711400000|  0%| F|  |TAMS 0x0000000711200000, 0x0000000711200000| Untracked 
| 101|0x0000000711400000, 0x0000000711400000, 0x0000000711600000|  0%| F|  |TAMS 0x0000000711400000, 0x0000000711400000| Untracked 
| 102|0x0000000711600000, 0x0000000711600000, 0x0000000711800000|  0%| F|  |TAMS 0x0000000711600000, 0x0000000711600000| Untracked 
| 103|0x0000000711800000, 0x0000000711800000, 0x0000000711a00000|  0%| F|  |TAMS 0x0000000711800000, 0x0000000711800000| Untracked 
| 104|0x0000000711a00000, 0x0000000711a00000, 0x0000000711c00000|  0%| F|  |TAMS 0x0000000711a00000, 0x0000000711a00000| Untracked 
| 105|0x0000000711c00000, 0x0000000711c00000, 0x0000000711e00000|  0%| F|  |TAMS 0x0000000711c00000, 0x0000000711c00000| Untracked 
| 106|0x0000000711e00000, 0x0000000712000000, 0x0000000712000000|100%| E|  |TAMS 0x0000000711e00000, 0x0000000711e00000| Complete 
| 107|0x0000000712000000, 0x0000000712032010, 0x0000000712200000|  9%| S|CS|TAMS 0x0000000712000000, 0x0000000712000000| Complete 
| 108|0x0000000712200000, 0x0000000712400000, 0x0000000712400000|100%| S|CS|TAMS 0x0000000712200000, 0x0000000712200000| Complete 
| 109|0x0000000712400000, 0x0000000712600000, 0x0000000712600000|100%| E|CS|TAMS 0x0000000712400000, 0x0000000712400000| Complete 
| 110|0x0000000712600000, 0x0000000712800000, 0x0000000712800000|100%| E|CS|TAMS 0x0000000712600000, 0x0000000712600000| Complete 
| 111|0x0000000712800000, 0x0000000712a00000, 0x0000000712a00000|100%| E|CS|TAMS 0x0000000712800000, 0x0000000712800000| Complete 
| 112|0x0000000712a00000, 0x0000000712c00000, 0x0000000712c00000|100%| E|CS|TAMS 0x0000000712a00000, 0x0000000712a00000| Complete 
| 113|0x0000000712c00000, 0x0000000712e00000, 0x0000000712e00000|100%| E|CS|TAMS 0x0000000712c00000, 0x0000000712c00000| Complete 
| 114|0x0000000712e00000, 0x0000000713000000, 0x0000000713000000|100%| E|CS|TAMS 0x0000000712e00000, 0x0000000712e00000| Complete 
| 115|0x0000000713000000, 0x0000000713200000, 0x0000000713200000|100%| E|CS|TAMS 0x0000000713000000, 0x0000000713000000| Complete 
| 116|0x0000000713200000, 0x0000000713400000, 0x0000000713400000|100%| E|CS|TAMS 0x0000000713200000, 0x0000000713200000| Complete 
| 117|0x0000000713400000, 0x0000000713600000, 0x0000000713600000|100%| E|CS|TAMS 0x0000000713400000, 0x0000000713400000| Complete 
| 118|0x0000000713600000, 0x0000000713800000, 0x0000000713800000|100%| E|CS|TAMS 0x0000000713600000, 0x0000000713600000| Complete 
| 119|0x0000000713800000, 0x0000000713a00000, 0x0000000713a00000|100%| E|CS|TAMS 0x0000000713800000, 0x0000000713800000| Complete 
| 120|0x0000000713a00000, 0x0000000713c00000, 0x0000000713c00000|100%| E|CS|TAMS 0x0000000713a00000, 0x0000000713a00000| Complete 
| 121|0x0000000713c00000, 0x0000000713e00000, 0x0000000713e00000|100%| E|CS|TAMS 0x0000000713c00000, 0x0000000713c00000| Complete 
| 122|0x0000000713e00000, 0x0000000714000000, 0x0000000714000000|100%| E|CS|TAMS 0x0000000713e00000, 0x0000000713e00000| Complete 
| 123|0x0000000714000000, 0x0000000714200000, 0x0000000714200000|100%| E|CS|TAMS 0x0000000714000000, 0x0000000714000000| Complete 
| 124|0x0000000714200000, 0x0000000714400000, 0x0000000714400000|100%| E|CS|TAMS 0x0000000714200000, 0x0000000714200000| Complete 
| 125|0x0000000714400000, 0x0000000714600000, 0x0000000714600000|100%| E|CS|TAMS 0x0000000714400000, 0x0000000714400000| Complete 

Card table byte_map: [0x0000015ece460000,0x0000015ecec40000] _byte_map_base: 0x0000015ecac3b000

Marking Bits (Prev, Next): (CMBitMap*) 0x0000015eb71293d0, (CMBitMap*) 0x0000015eb7129410
 Prev Bits: [0x0000015ecf420000, 0x0000015ed32f8000)
 Next Bits: [0x0000015ed3300000, 0x0000015ed71d8000)

Polling page: 0x0000015eb4f90000

Metaspace:

Usage:
  Non-class:     11.36 MB used.
      Class:      1.49 MB used.
       Both:     12.85 MB used.

Virtual space:
  Non-class space:       16.00 MB reserved,      11.44 MB ( 71%) committed,  2 nodes.
      Class space:        1.00 GB reserved,       1.56 MB ( <1%) committed,  1 nodes.
             Both:        1.02 GB reserved,      13.00 MB (  1%) committed. 

Chunk freelists:
   Non-Class:  3.77 MB
       Class:  2.26 MB
        Both:  6.03 MB

MaxMetaspaceSize: unlimited
CompressedClassSpaceSize: 1.00 GB
Initial GC threshold: 21.00 MB
Current GC threshold: 21.00 MB
CDS: on
MetaspaceReclaimPolicy: balanced
 - commit_granule_bytes: 65536.
 - commit_granule_words: 8192.
 - virtual_space_node_default_size: 1048576.
 - enlarge_chunks_in_place: 1.
 - new_chunks_are_fully_committed: 0.
 - uncommit_free_chunks: 1.
 - use_allocation_guard: 0.
 - handle_deallocations: 1.


Internal statistics:

num_allocs_failed_limit: 0.
num_arena_births: 70.
num_arena_deaths: 0.
num_vsnodes_births: 3.
num_vsnodes_deaths: 0.
num_space_committed: 208.
num_space_uncommitted: 0.
num_chunks_returned_to_freelist: 0.
num_chunks_taken_from_freelist: 495.
num_chunk_merges: 0.
num_chunk_splits: 352.
num_chunks_enlarged: 280.
num_purges: 0.
num_inconsistent_stats: 0.

CodeHeap 'non-profiled nmethods': size=120000Kb used=1261Kb max_used=1261Kb free=118739Kb
 bounds [0x0000015ec6420000, 0x0000015ec6690000, 0x0000015ecd950000]
CodeHeap 'profiled nmethods': size=120000Kb used=5404Kb max_used=5404Kb free=114596Kb
 bounds [0x0000015ebe950000, 0x0000015ebeea0000, 0x0000015ec5e80000]
CodeHeap 'non-nmethods': size=5760Kb used=1187Kb max_used=1224Kb free=4572Kb
 bounds [0x0000015ec5e80000, 0x0000015ec60f0000, 0x0000015ec6420000]
 total_blobs=3263 nmethods=2796 adapters=379
 compilation: enabled
              stopped_count=0, restarted_count=0
 full_count=0

Compilation events (20 events):
Event: 2.522 Thread 0x0000015eda813ad0 2761       1       org.eclipse.aether.resolution.ArtifactRequest::getRequestContext (5 bytes)
Event: 2.523 Thread 0x0000015eda813ad0 nmethod 2761 0x0000015ec6556590 code [0x0000015ec6556720, 0x0000015ec65567f8]
Event: 2.523 Thread 0x0000015eda813ad0 2762       1       org.eclipse.aether.RepositoryEvent::getSession (5 bytes)
Event: 2.523 Thread 0x0000015eda813ad0 nmethod 2762 0x0000015ec6556890 code [0x0000015ec6556a20, 0x0000015ec6556af8]
Event: 2.523 Thread 0x0000015eda813ad0 2763       1       org.eclipse.aether.resolution.ArtifactResult::getArtifact (5 bytes)
Event: 2.523 Thread 0x0000015eda813ad0 nmethod 2763 0x0000015ec6556b90 code [0x0000015ec6556d20, 0x0000015ec6556df8]
Event: 2.524 Thread 0x0000015eda813ad0 2764       3       org.apache.maven.model.BuildBase::getResources (23 bytes)
Event: 2.524 Thread 0x0000015edbaecad0 nmethod 2754 0x0000015ec6556e90 code [0x0000015ec6557020, 0x0000015ec6557298]
Event: 2.524 Thread 0x0000015eda813ad0 nmethod 2764 0x0000015ebee89790 code [0x0000015ebee89960, 0x0000015ebee89d58]
Event: 2.524 Thread 0x0000015edbaecad0 2758       4       java.util.concurrent.ConcurrentHashMap$EntryIterator::next (51 bytes)
Event: 2.524 Thread 0x0000015eda813ad0 2765       3       org.apache.maven.model.RepositoryBase::getLocation (209 bytes)
Event: 2.525 Thread 0x0000015eda813ad0 nmethod 2765 0x0000015ebee89e90 code [0x0000015ebee8a140, 0x0000015ebee8afd8]
Event: 2.525 Thread 0x0000015eda813ad0 2766       1       org.apache.maven.model.RepositoryBase::setUrl (6 bytes)
Event: 2.525 Thread 0x0000015eda813ad0 nmethod 2766 0x0000015ec6557490 code [0x0000015ec6557620, 0x0000015ec6557738]
Event: 2.527 Thread 0x0000015eda813ad0 2767       3       org.eclipse.aether.RequestTrace::<init> (15 bytes)
Event: 2.527 Thread 0x0000015eda813ad0 nmethod 2767 0x0000015ebee8b210 code [0x0000015ebee8b3c0, 0x0000015ebee8b5f8]
Event: 2.528 Thread 0x0000015eda813ad0 2768       1       org.eclipse.aether.repository.LocalArtifactResult::getRepository (5 bytes)
Event: 2.528 Thread 0x0000015eda813ad0 nmethod 2768 0x0000015ec6557790 code [0x0000015ec6557920, 0x0000015ec65579f8]
Event: 2.530 Thread 0x0000015edad5efc0 nmethod 2757 0x0000015ec6557a90 code [0x0000015ec6557c20, 0x0000015ec6558118]
Event: 2.530 Thread 0x0000015edad5efc0 2769       4       java.lang.String::endsWith (15 bytes)

GC Heap History (4 events):
Event: 0.800 GC heap before
{Heap before GC invocations=0 (full 0):
 garbage-first heap   total 258048K, used 22528K [0x0000000704a00000, 0x0000000800000000)
  region size 2048K, 11 young (22528K), 0 survivors (0K)
 Metaspace       used 5647K, committed 5760K, reserved 1056768K
  class space    used 647K, committed 704K, reserved 1048576K
}
Event: 0.803 GC heap after
{Heap after GC invocations=1 (full 0):
 garbage-first heap   total 258048K, used 3936K [0x0000000704a00000, 0x0000000800000000)
  region size 2048K, 2 young (4096K), 2 survivors (4096K)
 Metaspace       used 5647K, committed 5760K, reserved 1056768K
  class space    used 647K, committed 704K, reserved 1048576K
}
Event: 1.555 GC heap before
{Heap before GC invocations=1 (full 0):
 garbage-first heap   total 258048K, used 34656K [0x0000000704a00000, 0x0000000800000000)
  region size 2048K, 17 young (34816K), 2 survivors (4096K)
 Metaspace       used 10166K, committed 10368K, reserved 1064960K
  class space    used 1224K, committed 1344K, reserved 1048576K
}
Event: 1.559 GC heap after
{Heap after GC invocations=2 (full 0):
 garbage-first heap   total 258048K, used 5872K [0x0000000704a00000, 0x0000000800000000)
  region size 2048K, 2 young (4096K), 2 survivors (4096K)
 Metaspace       used 10166K, committed 10368K, reserved 1064960K
  class space    used 1224K, committed 1344K, reserved 1048576K
}

Deoptimization events (20 events):
Event: 2.453 Thread 0x0000015eb70bf8d0 Uncommon trap: trap_request=0xffffffde fr.pc=0x0000015ec6519010 relative=0x0000000000000490
Event: 2.453 Thread 0x0000015eb70bf8d0 Uncommon trap: reason=class_check action=maybe_recompile pc=0x0000015ec6519010 method=java.nio.charset.CharsetDecoder.decode(Ljava/nio/ByteBuffer;Ljava/nio/CharBuffer;Z)Ljava/nio/charset/CoderResult; @ 57 c2
Event: 2.453 Thread 0x0000015eb70bf8d0 DEOPT PACKING pc=0x0000015ec6519010 sp=0x000000598f0fc480
Event: 2.453 Thread 0x0000015eb70bf8d0 DEOPT UNPACKING pc=0x0000015ec5ed5ba3 sp=0x000000598f0fc3a0 mode 2
Event: 2.453 Thread 0x0000015eb70bf8d0 Uncommon trap: trap_request=0xffffffde fr.pc=0x0000015ec64934f8 relative=0x0000000000000138
Event: 2.453 Thread 0x0000015eb70bf8d0 Uncommon trap: reason=class_check action=maybe_recompile pc=0x0000015ec64934f8 method=java.nio.charset.CharsetDecoder.decode(Ljava/nio/ByteBuffer;Ljava/nio/CharBuffer;Z)Ljava/nio/charset/CoderResult; @ 57 c2
Event: 2.453 Thread 0x0000015eb70bf8d0 DEOPT PACKING pc=0x0000015ec64934f8 sp=0x000000598f0fc3f0
Event: 2.453 Thread 0x0000015eb70bf8d0 DEOPT UNPACKING pc=0x0000015ec5ed5ba3 sp=0x000000598f0fc398 mode 2
Event: 2.454 Thread 0x0000015eb70bf8d0 Uncommon trap: trap_request=0xffffffde fr.pc=0x0000015ec6519010 relative=0x0000000000000490
Event: 2.454 Thread 0x0000015eb70bf8d0 Uncommon trap: reason=class_check action=maybe_recompile pc=0x0000015ec6519010 method=java.nio.charset.CharsetDecoder.decode(Ljava/nio/ByteBuffer;Ljava/nio/CharBuffer;Z)Ljava/nio/charset/CoderResult; @ 57 c2
Event: 2.454 Thread 0x0000015eb70bf8d0 DEOPT PACKING pc=0x0000015ec6519010 sp=0x000000598f0fc920
Event: 2.454 Thread 0x0000015eb70bf8d0 DEOPT UNPACKING pc=0x0000015ec5ed5ba3 sp=0x000000598f0fc840 mode 2
Event: 2.465 Thread 0x0000015eb70bf8d0 DEOPT PACKING pc=0x0000015ebeda9396 sp=0x000000598f0fce70
Event: 2.465 Thread 0x0000015eb70bf8d0 DEOPT UNPACKING pc=0x0000015ec5ed66e3 sp=0x000000598f0fc378 mode 0
Event: 2.467 Thread 0x0000015eb70bf8d0 Uncommon trap: trap_request=0xffffff45 fr.pc=0x0000015ec6546ac4 relative=0x00000000000000a4
Event: 2.467 Thread 0x0000015eb70bf8d0 Uncommon trap: reason=unstable_if action=reinterpret pc=0x0000015ec6546ac4 method=org.apache.maven.model.io.xpp3.MavenXpp3Reader.nextTag(Lorg/codehaus/plexus/util/xml/pull/XmlPullParser;)I @ 9 c2
Event: 2.467 Thread 0x0000015eb70bf8d0 DEOPT PACKING pc=0x0000015ec6546ac4 sp=0x000000598f0fce80
Event: 2.467 Thread 0x0000015eb70bf8d0 DEOPT UNPACKING pc=0x0000015ec5ed5ba3 sp=0x000000598f0fce10 mode 2
Event: 2.471 Thread 0x0000015eb70bf8d0 DEOPT PACKING pc=0x0000015ebeda9396 sp=0x000000598f0fce10
Event: 2.471 Thread 0x0000015eb70bf8d0 DEOPT UNPACKING pc=0x0000015ec5ed66e3 sp=0x000000598f0fc310 mode 0

Classes unloaded (0 events):
No events

Classes redefined (0 events):
No events

Internal exceptions (7 events):
Event: 0.140 Thread 0x0000015edaa061d0 Exception <a 'java/lang/NoSuchMethodError'{0x0000000714275968}: 'java.lang.Object java.lang.invoke.DirectMethodHandle$Holder.invokeStaticInit(java.lang.Object)'> (0x0000000714275968) 
thrown [s\open\src\hotspot\share\interpreter\linkResolver.cpp, line 759]
Event: 0.152 Thread 0x0000015edaa061d0 Exception <a 'java/lang/NoSuchMethodError'{0x00000007142836a8}: 'void java.lang.invoke.DirectMethodHandle$Holder.invokeStatic(java.lang.Object, java.lang.Object)'> (0x00000007142836a8) 
thrown [s\open\src\hotspot\share\interpreter\linkResolver.cpp, line 759]
Event: 0.282 Thread 0x0000015eb70bf8d0 Exception <a 'java/lang/NoSuchMethodError'{0x00000007141a88b8}: 'java.lang.Object java.lang.invoke.DirectMethodHandle$Holder.invokeStaticInit(java.lang.Object, int, int, int, int)'> (0x00000007141a88b8) 
thrown [s\open\src\hotspot\share\interpreter\linkResolver.cpp, line 759]
Event: 0.330 Thread 0x0000015eb70bf8d0 Exception <a 'java/lang/NoSuchMethodError'{0x0000000713e64520}: 'java.lang.Object java.lang.invoke.DirectMethodHandle$Holder.invokeStaticInit(java.lang.Object, java.lang.Object, int, int, int, int)'> (0x0000000713e64520) 
thrown [s\open\src\hotspot\share\interpreter\linkResolver.cpp, line 759]
Event: 0.705 Thread 0x0000015eb70bf8d0 Exception <a 'java/lang/NoSuchMethodError'{0x00000007134d5bb0}: 'java.lang.Object java.lang.invoke.DirectMethodHandle$Holder.newInvokeSpecial(java.lang.Object, java.lang.Object, java.lang.Object, java.lang.Object, java.lang.Object)'> (0x00000007134d5bb0) 
thrown [s\open\src\hotspot\share\interpreter\linkResolver.cpp, line 759]
Event: 1.646 Thread 0x0000015eb70bf8d0 Exception <a 'java/lang/NoClassDefFoundError'{0x00000007143a2a40}: com/google/inject/servlet/ServletModuleTargetVisitor> (0x00000007143a2a40) 
thrown [s\open\src\hotspot\share\classfile\systemDictionary.cpp, line 245]
Event: 1.646 Thread 0x0000015eb70bf8d0 Exception <a 'java/lang/NoClassDefFoundError'{0x00000007143a4708}: javax/annotation/Priority> (0x00000007143a4708) 
thrown [s\open\src\hotspot\share\classfile\systemDictionary.cpp, line 245]

VM Operations (20 events):
Event: 1.303 Executing VM operation: HandshakeAllThreads
Event: 1.303 Executing VM operation: HandshakeAllThreads done
Event: 1.313 Executing VM operation: HandshakeAllThreads
Event: 1.313 Executing VM operation: HandshakeAllThreads done
Event: 1.553 Executing VM operation: HandshakeAllThreads
Event: 1.553 Executing VM operation: HandshakeAllThreads done
Event: 1.554 Executing VM operation: HandshakeAllThreads
Event: 1.554 Executing VM operation: HandshakeAllThreads done
Event: 1.555 Executing VM operation: G1CollectForAllocation
Event: 1.559 Executing VM operation: G1CollectForAllocation done
Event: 1.622 Executing VM operation: HandshakeAllThreads
Event: 1.622 Executing VM operation: HandshakeAllThreads done
Event: 1.734 Executing VM operation: HandshakeAllThreads
Event: 1.734 Executing VM operation: HandshakeAllThreads done
Event: 1.757 Executing VM operation: ICBufferFull
Event: 1.757 Executing VM operation: ICBufferFull done
Event: 1.815 Executing VM operation: HandshakeAllThreads
Event: 1.815 Executing VM operation: HandshakeAllThreads done
Event: 2.452 Executing VM operation: ICBufferFull
Event: 2.452 Executing VM operation: ICBufferFull done

Events (20 events):
Event: 1.814 loading class java/net/spi/URLStreamHandlerProvider
Event: 1.814 loading class java/net/spi/URLStreamHandlerProvider done
Event: 1.814 loading class sun/net/www/protocol/https/Handler
Event: 1.814 loading class sun/net/www/protocol/http/Handler
Event: 1.815 loading class sun/net/www/protocol/http/Handler done
Event: 1.815 loading class sun/net/www/protocol/https/Handler done
Event: 1.816 loading class java/util/regex/Pattern$Pos
Event: 1.816 loading class java/util/regex/Pattern$Pos done
Event: 1.866 loading class java/lang/Short$ShortCache
Event: 1.866 loading class java/lang/Short$ShortCache done
Event: 1.866 loading class java/lang/Byte$ByteCache
Event: 1.866 loading class java/lang/Byte$ByteCache done
Event: 1.886 loading class java/util/LinkedList$ListItr
Event: 1.886 loading class java/util/LinkedList$ListItr done
Event: 1.931 loading class java/util/Formatter$FixedString
Event: 1.931 loading class java/util/Formatter$FixedString done
Event: 2.452 loading class sun/nio/cs/ISO_8859_1$Decoder
Event: 2.452 loading class sun/nio/cs/ISO_8859_1$Decoder done
Event: 2.493 loading class java/util/Collections$UnmodifiableList$1
Event: 2.494 loading class java/util/Collections$UnmodifiableList$1 done


Dynamic libraries:
0x00007ff658050000 - 0x00007ff658060000 	C:\Program Files\Java\jdk-17\bin\java.exe
0x00007ffad4230000 - 0x00007ffad4428000 	C:\Windows\SYSTEM32\ntdll.dll
0x00007ffad2770000 - 0x00007ffad282f000 	C:\Windows\System32\KERNEL32.DLL
0x00007ffad1ec0000 - 0x00007ffad2192000 	C:\Windows\System32\KERNELBASE.dll
0x00007ffad1b90000 - 0x00007ffad1c90000 	C:\Windows\System32\ucrtbase.dll
0x00007ffab5050000 - 0x00007ffab506b000 	C:\Program Files\Java\jdk-17\bin\VCRUNTIME140.dll
0x00007ffab51c0000 - 0x00007ffab51d8000 	C:\Program Files\Java\jdk-17\bin\jli.dll
0x00007ffad2de0000 - 0x00007ffad2e8e000 	C:\Windows\System32\ADVAPI32.dll
0x00007ffad4090000 - 0x00007ffad412e000 	C:\Windows\System32\msvcrt.dll
0x00007ffad2fc0000 - 0x00007ffad305c000 	C:\Windows\System32\sechost.dll
0x00007ffad2400000 - 0x00007ffad2525000 	C:\Windows\System32\RPCRT4.dll
0x00007ffad2840000 - 0x00007ffad29e1000 	C:\Windows\System32\USER32.dll
0x00007ffab8a90000 - 0x00007ffab8d2a000 	C:\Windows\WinSxS\amd64_microsoft.windows.common-controls_6595b64144ccf1df_6.0.19041.1110_none_60b5254171f9507e\COMCTL32.dll
0x00007ffad2240000 - 0x00007ffad2262000 	C:\Windows\System32\win32u.dll
0x00007ffad32f0000 - 0x00007ffad331b000 	C:\Windows\System32\GDI32.dll
0x00007ffad1a80000 - 0x00007ffad1b8f000 	C:\Windows\System32\gdi32full.dll
0x00007ffad1d40000 - 0x00007ffad1ddd000 	C:\Windows\System32\msvcp_win.dll
0x00007ffacac30000 - 0x00007ffacac3a000 	C:\Windows\SYSTEM32\VERSION.dll
0x00007ffad25e0000 - 0x00007ffad2612000 	C:\Windows\System32\IMM32.DLL
0x00007ffab9c00000 - 0x00007ffab9c0c000 	C:\Program Files\Java\jdk-17\bin\vcruntime140_1.dll
0x00007ffaab980000 - 0x00007ffaaba0e000 	C:\Program Files\Java\jdk-17\bin\msvcp140.dll
0x00007ffa6e6c0000 - 0x00007ffa6f297000 	C:\Program Files\Java\jdk-17\bin\server\jvm.dll
0x00007ffad32e0000 - 0x00007ffad32e8000 	C:\Windows\System32\PSAPI.DLL
0x00007ffacec60000 - 0x00007ffacec87000 	C:\Windows\SYSTEM32\WINMM.dll
0x00007fface9f0000 - 0x00007fface9f9000 	C:\Windows\SYSTEM32\WSOCK32.dll
0x00007ffad2d50000 - 0x00007ffad2dbb000 	C:\Windows\System32\WS2_32.dll
0x00007ffad0170000 - 0x00007ffad0182000 	C:\Windows\SYSTEM32\kernel.appcore.dll
0x00007ffab5ec0000 - 0x00007ffab5eca000 	C:\Program Files\Java\jdk-17\bin\jimage.dll
0x00007ffacf6e0000 - 0x00007ffacf8c4000 	C:\Windows\SYSTEM32\DBGHELP.DLL
0x00007ffacec90000 - 0x00007ffacecc5000 	C:\Windows\SYSTEM32\dbgcore.DLL
0x00007ffad1de0000 - 0x00007ffad1e62000 	C:\Windows\System32\bcryptPrimitives.dll
0x00007ffab5d70000 - 0x00007ffab5d7e000 	C:\Program Files\Java\jdk-17\bin\instrument.dll
0x00007ffab4ee0000 - 0x00007ffab4f05000 	C:\Program Files\Java\jdk-17\bin\java.dll
0x00007ffaab8a0000 - 0x00007ffaab977000 	C:\Program Files\Java\jdk-17\bin\jsvml.dll
0x00007ffad3940000 - 0x00007ffad4085000 	C:\Windows\System32\SHELL32.dll
0x00007ffacf9c0000 - 0x00007ffad0152000 	C:\Windows\SYSTEM32\windows.storage.dll
0x00007ffad29f0000 - 0x00007ffad2d45000 	C:\Windows\System32\combase.dll
0x00007ffad12a0000 - 0x00007ffad12d0000 	C:\Windows\SYSTEM32\Wldp.dll
0x00007ffad2350000 - 0x00007ffad23fd000 	C:\Windows\System32\SHCORE.dll
0x00007ffad2620000 - 0x00007ffad2675000 	C:\Windows\System32\shlwapi.dll
0x00007ffad1860000 - 0x00007ffad187f000 	C:\Windows\SYSTEM32\profapi.dll
0x00007ffab47a0000 - 0x00007ffab47b8000 	C:\Program Files\Java\jdk-17\bin\zip.dll
0x00007ffab5000000 - 0x00007ffab5019000 	C:\Program Files\Java\jdk-17\bin\net.dll
0x00007ffacd7e0000 - 0x00007ffacd8ec000 	C:\Windows\SYSTEM32\WINHTTP.dll
0x00007ffad1000000 - 0x00007ffad106a000 	C:\Windows\system32\mswsock.dll
0x00007ffab4a00000 - 0x00007ffab4a16000 	C:\Program Files\Java\jdk-17\bin\nio.dll
0x00007ffab5d50000 - 0x00007ffab5d6a000 	C:\Program Files\JetBrains\IntelliJ IDEA Community Edition 2022.3.2\bin\breakgen64.dll
0x00007ffab54f0000 - 0x00007ffab5500000 	C:\Program Files\Java\jdk-17\bin\verify.dll
0x00007ffad11f0000 - 0x00007ffad1208000 	C:\Windows\SYSTEM32\CRYPTSP.dll
0x00007ffad0920000 - 0x00007ffad0954000 	C:\Windows\system32\rsaenh.dll
0x00007ffad21a0000 - 0x00007ffad21c7000 	C:\Windows\System32\bcrypt.dll
0x00007ffad17e0000 - 0x00007ffad180e000 	C:\Windows\SYSTEM32\USERENV.dll
0x00007ffad1210000 - 0x00007ffad121c000 	C:\Windows\SYSTEM32\CRYPTBASE.dll
0x00007ffad0cf0000 - 0x00007ffad0d2b000 	C:\Windows\SYSTEM32\IPHLPAPI.DLL
0x00007ffad2760000 - 0x00007ffad2768000 	C:\Windows\System32\NSI.dll
0x00007ffac8450000 - 0x00007ffac8467000 	C:\Windows\SYSTEM32\dhcpcsvc6.DLL
0x00007ffac8fa0000 - 0x00007ffac8fbd000 	C:\Windows\SYSTEM32\dhcpcsvc.DLL
0x00007ffad0d30000 - 0x00007ffad0dfb000 	C:\Windows\SYSTEM32\DNSAPI.dll
0x00007ffab5d40000 - 0x00007ffab5d4a000 	C:\Users\LENOVO\AppData\Local\Temp\jansi-1.17.1-1172770874382347084.dll

dbghelp: loaded successfully - version: 4.0.5 - missing functions: none
symbol engine: initialized successfully - sym options: 0x614 - pdb path: .;C:\Program Files\Java\jdk-17\bin;C:\Windows\SYSTEM32;C:\Windows\WinSxS\amd64_microsoft.windows.common-controls_6595b64144ccf1df_6.0.19041.1110_none_60b5254171f9507e;C:\Program Files\Java\jdk-17\bin\server;C:\Program Files\JetBrains\IntelliJ IDEA Community Edition 2022.3.2\bin;C:\Users\LENOVO\AppData\Local\Temp

VM Arguments:
jvm_args: -Dmaven.multiModuleProjectDirectory=D:\Work\R&D\Project_3\SimVerify -Djansi.passthrough=true -Dmaven.home=C:\Program Files\JetBrains\IntelliJ IDEA Community Edition 2022.3.2\plugins\maven\lib\maven3 -Dclassworlds.conf=C:\Program Files\JetBrains\IntelliJ IDEA Community Edition 2022.3.2\plugins\maven\lib\maven3\bin\m2.conf -Dmaven.ext.class.path=C:\Program Files\JetBrains\IntelliJ IDEA Community Edition 2022.3.2\plugins\maven\lib\maven-event-listener.jar -javaagent:C:\Program Files\JetBrains\IntelliJ IDEA Community Edition 2022.3.2\lib\idea_rt.jar=65472:C:\Program Files\JetBrains\IntelliJ IDEA Community Edition 2022.3.2\bin -Dfile.encoding=UTF-8 
java_command: org.codehaus.classworlds.Launcher -Didea.version=2022.3.2 --offline install
java_class_path (initial): C:\Program Files\JetBrains\IntelliJ IDEA Community Edition 2022.3.2\plugins\maven\lib\maven3\boot\plexus-classworlds-2.6.0.jar;C:\Program Files\JetBrains\IntelliJ IDEA Community Edition 2022.3.2\plugins\maven\lib\maven3\boot\plexus-classworlds.license
Launcher Type: SUN_STANDARD

[Global flags]
     intx CICompilerCount                          = 4                                         {product} {ergonomic}
     uint ConcGCThreads                            = 2                                         {product} {ergonomic}
     uint G1ConcRefinementThreads                  = 8                                         {product} {ergonomic}
   size_t G1HeapRegionSize                         = 2097152                                   {product} {ergonomic}
    uintx GCDrainStackTargetSize                   = 64                                        {product} {ergonomic}
   size_t InitialHeapSize                          = 264241152                                 {product} {ergonomic}
   size_t MarkStackSize                            = 4194304                                   {product} {ergonomic}
   size_t MaxHeapSize                              = 4217372672                                {product} {ergonomic}
   size_t MaxNewSize                               = 2529165312                                {product} {ergonomic}
   size_t MinHeapDeltaBytes                        = 2097152                                   {product} {ergonomic}
   size_t MinHeapSize                              = 8388608                                   {product} {ergonomic}
    uintx NonNMethodCodeHeapSize                   = 5839372                                {pd product} {ergonomic}
    uintx NonProfiledCodeHeapSize                  = 122909434                              {pd product} {ergonomic}
    uintx ProfiledCodeHeapSize                     = 122909434                              {pd product} {ergonomic}
    uintx ReservedCodeCacheSize                    = 251658240                              {pd product} {ergonomic}
     bool SegmentedCodeCache                       = true                                      {product} {ergonomic}
   size_t SoftMaxHeapSize                          = 4217372672                             {manageable} {ergonomic}
     bool UseCompressedClassPointers               = true                           {product lp64_product} {ergonomic}
     bool UseCompressedOops                        = true                           {product lp64_product} {ergonomic}
     bool UseG1GC                                  = true                                      {product} {ergonomic}
     bool UseLargePagesIndividualAllocation        = false                                  {pd product} {ergonomic}

Logging:
Log output configuration:
 #0: stdout all=warning uptime,level,tags
 #1: stderr all=off uptime,level,tags

Environment Variables:
JAVA_HOME=C:\Program Files\Java\jdk-17
PATH=C:\Program Files\Common Files\Oracle\Java\javapath;C:\Program Files (x86)\Common Files\Oracle\Java\javapath;C:\Windows\system32;C:\Windows;C:\Windows\System32\Wbem;C:\Windows\System32\WindowsPowerShell\v1.0\;C:\Windows\System32\OpenSSH\;C:\Program Files\PuTTY\;C:\Program Files\Git\cmd;C:\Program Files\Java\jdk-17\bin;C:\Program Files\Java\jdk1.8.0_333\jre\bin;C:\Program Files\Java\scripts;C:\Program Files\MySQL\MySQL Shell 8.0\bin\;C:\Users\LENOVO\AppData\Local\Microsoft\WindowsApps;C:\Users\LENOVO\AppData\Local\Programs\Microsoft VS Code\bin;C:\Program Files\Java\jdk-17;C:\Program Files\GrafanaLabs\grafana\bin;
USERNAME=LENOVO
OS=Windows_NT
PROCESSOR_IDENTIFIER=Intel64 Family 6 Model 126 Stepping 5, GenuineIntel



---------------  S Y S T E M  ---------------

OS:
 Windows 10 , 64 bit Build 19041 (10.0.19041.2546)
OS uptime: 2 days 4:16 hours

CPU: total 8 (initial active 8) (4 cores per cpu, 2 threads per core) family 6 model 126 stepping 5 microcode 0x70, cx8, cmov, fxsr, ht, mmx, 3dnowpref, sse, sse2, sse3, ssse3, sse4.1, sse4.2, popcnt, lzcnt, tsc, tscinvbit, avx, avx2, aes, erms, clmul, bmi1, bmi2, adx, avx512f, avx512dq, avx512cd, avx512bw, avx512vl, sha, fma, vzeroupper, avx512_vpopcntdq, avx512_vpclmulqdq, avx512_vaes, avx512_vnni, clflush, clflushopt, avx512_vbmi2, avx512_vbmi

Memory: 4k page, system-wide physical 16086M (1805M free)
TotalPageFile size 41008M (AvailPageFile size 2M)
current process WorkingSet (physical memory assigned to process): 122M, peak: 122M
current process commit charge ("private bytes"): 381M, peak: 383M

vm_info: Java HotSpot(TM) 64-Bit Server VM (17.0.6+9-LTS-190) for windows-amd64 JRE (17.0.6+9-LTS-190), built on Dec  6 2022 15:53:54 by "mach5one" with MS VC++ 17.1 (VS2022)

END.
